<?xml version="1.0" encoding="UTF-8"?>
<testng-results ignored="0" total="1" passed="1" failed="0" skipped="0">
  <reporter-output>
  </reporter-output>
  <suite started-at="2026-08-12T21:52:24 IST" name="Default suite" finished-at="2026-08-12T21:52:31 IST" duration-ms="7634">
    <groups>
    </groups>
    <test started-at="2026-08-12T21:52:24 IST" name="Default test" finished-at="2026-08-12T21:52:31 IST" duration-ms="7634">
      <class name="com.parabank.tests.FindTransactionsTest">
        <test-method is-config="true" signature="setUp()[pri:0, instance:com.parabank.tests.FindTransactionsTest@765f05af]" started-at="2026-08-12T21:52:24 IST" name="setUp" finished-at="2026-08-12T21:52:27 IST" duration-ms="3332" status="PASS">
          <reporter-output>
          </reporter-output>
        </test-method> <!-- setUp -->
        <test-method signature="verifyAllTransactionsMatchSearchedAmount()[pri:0, instance:com.parabank.tests.FindTransactionsTest@765f05af]" started-at="2026-08-12T21:52:27 IST" name="verifyAllTransactionsMatchSearchedAmount" finished-at="2026-08-12T21:52:31 IST" duration-ms="3939" status="PASS">
          <reporter-output>
          </reporter-output>
        </test-method> <!-- verifyAllTransactionsMatchSearchedAmount -->
        <test-method is-config="true" signature="tearDown(org.testng.ITestResult)[pri:0, instance:com.parabank.tests.FindTransactionsTest@765f05af]" started-at="2026-08-12T21:52:31 IST" name="tearDown" finished-at="2026-08-12T21:52:31 IST" duration-ms="286" status="PASS">
          <params>
            <param index="0">
              <value>
                <![CDATA[[TestResult name=verifyAllTransactionsMatchSearchedAmount status=SUCCESS method=FindTransactionsTest.verifyAllTransactionsMatchSearchedAmount()[pri:0, instance:com.parabank.tests.FindTransactionsTest@765f05af] output={null}]]]>
              </value>
            </param>
          </params>
          <reporter-output>
          </reporter-output>
        </test-method> <!-- tearDown -->
      </class> <!-- com.parabank.tests.FindTransactionsTest -->
    </test> <!-- Default test -->
  </suite> <!-- Default suite -->
</testng-results>
