<?xml version="1.0" encoding="UTF-8"?>
<testng-results ignored="0" total="1" passed="1" failed="0" skipped="0">
  <reporter-output>
  </reporter-output>
  <suite started-at="2026-08-12T15:55:40 IST" name="Default suite" finished-at="2026-08-12T15:56:15 IST" duration-ms="35294">
    <groups>
    </groups>
    <test started-at="2026-08-12T15:55:40 IST" name="Default test" finished-at="2026-08-12T15:56:15 IST" duration-ms="35294">
      <class name="com.parabank.tests.FindTransactionsTest">
        <test-method is-config="true" signature="setUp()[pri:0, instance:com.parabank.tests.FindTransactionsTest@33aeca0b]" started-at="2026-08-12T15:55:40 IST" name="setUp" finished-at="2026-08-12T15:55:43 IST" duration-ms="3173" status="PASS">
          <reporter-output>
          </reporter-output>
        </test-method> <!-- setUp -->
        <test-method signature="verifyNoResultsForDate()[pri:0, instance:com.parabank.tests.FindTransactionsTest@33aeca0b]" started-at="2026-08-12T15:55:43 IST" name="verifyNoResultsForDate" finished-at="2026-08-12T15:56:15 IST" duration-ms="31870" status="PASS">
          <reporter-output>
          </reporter-output>
        </test-method> <!-- verifyNoResultsForDate -->
        <test-method is-config="true" signature="tearDown(org.testng.ITestResult)[pri:0, instance:com.parabank.tests.FindTransactionsTest@33aeca0b]" started-at="2026-08-12T15:56:15 IST" name="tearDown" finished-at="2026-08-12T15:56:15 IST" duration-ms="203" status="PASS">
          <params>
            <param index="0">
              <value>
                <![CDATA[[TestResult name=verifyNoResultsForDate status=SUCCESS method=FindTransactionsTest.verifyNoResultsForDate()[pri:0, instance:com.parabank.tests.FindTransactionsTest@33aeca0b] output={null}]]]>
              </value>
            </param>
          </params>
          <reporter-output>
          </reporter-output>
        </test-method> <!-- tearDown -->
      </class> <!-- com.parabank.tests.FindTransactionsTest -->
    </test> <!-- Default test -->
  </suite> <!-- Default suite -->
</testng-results>
