<?xml version="1.0" encoding="UTF-8"?>
<!-- Generated by org.testng.reporters.JUnitXMLReporter -->
<testsuite ignored="8" hostname="AICHHIKA-DELL" failures="0" tests="1" name="Default test" time="35.294" errors="0" timestamp="2026-08-12T15:56:15 IST">
  <testcase classname="com.parabank.tests.FindTransactionsTest" name="verifyNoResultsForDate" time="31.87"/>
  <testcase classname="com.parabank.tests.FindTransactionsTest" name="verifyInvalidAmountSearch" time="0.0">
    <ignored/>
  </testcase> <!-- verifyInvalidAmountSearch -->
  <testcase classname="com.parabank.tests.FindTransactionsTest" name="verifyTransactionDetailsUsingTransactionId" time="0.0">
    <ignored/>
  </testcase> <!-- verifyTransactionDetailsUsingTransactionId -->
  <testcase classname="com.parabank.tests.FindTransactionsTest" name="verifySearchByDateRange" time="0.0">
    <ignored/>
  </testcase> <!-- verifySearchByDateRange -->
  <testcase classname="com.parabank.tests.FindTransactionsTest" name="verifyFindTransactionsPageOpensSuccessfully" time="0.0">
    <ignored/>
  </testcase> <!-- verifyFindTransactionsPageOpensSuccessfully -->
  <testcase classname="com.parabank.tests.FindTransactionsTest" name="verifySearchByDate" time="0.0">
    <ignored/>
  </testcase> <!-- verifySearchByDate -->
  <testcase classname="com.parabank.tests.FindTransactionsTest" name="verifySearchByTransactionId" time="0.0">
    <ignored/>
  </testcase> <!-- verifySearchByTransactionId -->
  <testcase classname="com.parabank.tests.FindTransactionsTest" name="verifyInvalidTransactionIdSearch" time="0.0">
    <ignored/>
  </testcase> <!-- verifyInvalidTransactionIdSearch -->
  <testcase classname="com.parabank.tests.FindTransactionsTest" name="verifySearchByAmount" time="0.0">
    <ignored/>
  </testcase> <!-- verifySearchByAmount -->
</testsuite> <!-- Default test -->
