<?xml version="1.0" encoding="UTF-8"?>
<!-- Generated by org.testng.reporters.JUnitXMLReporter -->
<testsuite ignored="19" hostname="AICHHIKA-DELL" failures="0" tests="1" name="Default test" time="7.634" errors="0" timestamp="2026-08-12T21:52:31 IST">
  <testcase classname="com.parabank.tests.FindTransactionsTest" name="verifyAllTransactionsMatchSearchedAmount" time="3.939"/>
  <testcase classname="com.parabank.tests.FindTransactionsTest" name="verifySearchByTransactionId" time="0.0">
    <ignored/>
  </testcase> <!-- verifySearchByTransactionId -->
  <testcase classname="com.parabank.tests.FindTransactionsTest" name="verifyInvalidAmountSearch" time="0.0">
    <ignored/>
  </testcase> <!-- verifyInvalidAmountSearch -->
  <testcase classname="com.parabank.tests.FindTransactionsTest" name="verifyTransactionDetailsFromFindTransactions" time="0.0">
    <ignored/>
  </testcase> <!-- verifyTransactionDetailsFromFindTransactions -->
  <testcase classname="com.parabank.tests.FindTransactionsTest" name="verifyNoResultsForDate" time="0.0">
    <ignored/>
  </testcase> <!-- verifyNoResultsForDate -->
  <testcase classname="com.parabank.tests.FindTransactionsTest" name="verifySearchWithSameFromAndToDate" time="0.0">
    <ignored/>
  </testcase> <!-- verifySearchWithSameFromAndToDate -->
  <testcase classname="com.parabank.tests.FindTransactionsTest" name="verifyNewSearchUpdatesPreviousResults" time="0.0">
    <ignored/>
  </testcase> <!-- verifyNewSearchUpdatesPreviousResults -->
  <testcase classname="com.parabank.tests.FindTransactionsTest" name="verifySearchByAmount" time="0.0">
    <ignored/>
  </testcase> <!-- verifySearchByAmount -->
  <testcase classname="com.parabank.tests.FindTransactionsTest" name="verifyTransactionDetailsByAmount" time="0.0">
    <ignored/>
  </testcase> <!-- verifyTransactionDetailsByAmount -->
  <testcase classname="com.parabank.tests.FindTransactionsTest" name="verifyFindTransactionsPageOpensSuccessfully" time="0.0">
    <ignored/>
  </testcase> <!-- verifyFindTransactionsPageOpensSuccessfully -->
  <testcase classname="com.parabank.tests.FindTransactionsTest" name="verifySearchUsingFutureDate" time="0.0">
    <ignored/>
  </testcase> <!-- verifySearchUsingFutureDate -->
  <testcase classname="com.parabank.tests.FindTransactionsTest" name="verifySearchByDate" time="0.0">
    <ignored/>
  </testcase> <!-- verifySearchByDate -->
  <testcase classname="com.parabank.tests.FindTransactionsTest" name="verifyTransferredTransactionByAmount" time="0.0">
    <ignored/>
  </testcase> <!-- verifyTransferredTransactionByAmount -->
  <testcase classname="com.parabank.tests.FindTransactionsTest" name="verifySearchUsingSpecialCharactersInTransactionId" time="0.0">
    <ignored/>
  </testcase> <!-- verifySearchUsingSpecialCharactersInTransactionId -->
  <testcase classname="com.parabank.tests.FindTransactionsTest" name="verifyInvalidTransactionIdSearch" time="0.0">
    <ignored/>
  </testcase> <!-- verifyInvalidTransactionIdSearch -->
  <testcase classname="com.parabank.tests.FindTransactionsTest" name="verifyTransferredTransactionInFindTransactions" time="0.0">
    <ignored/>
  </testcase> <!-- verifyTransferredTransactionInFindTransactions -->
  <testcase classname="com.parabank.tests.FindTransactionsTest" name="verifyTransactionDetailsUsingTransactionId" time="0.0">
    <ignored/>
  </testcase> <!-- verifyTransactionDetailsUsingTransactionId -->
  <testcase classname="com.parabank.tests.FindTransactionsTest" name="verifyTransferredTransactionByDateRange" time="0.0">
    <ignored/>
  </testcase> <!-- verifyTransferredTransactionByDateRange -->
  <testcase classname="com.parabank.tests.FindTransactionsTest" name="verifySearchByDateRange" time="0.0">
    <ignored/>
  </testcase> <!-- verifySearchByDateRange -->
  <testcase classname="com.parabank.tests.FindTransactionsTest" name="verifySearchUsingInvalidDateFormat" time="0.0">
    <ignored/>
  </testcase> <!-- verifySearchUsingInvalidDateFormat -->
</testsuite> <!-- Default test -->
